<?xml version="1.0" encoding="UTF-8"?>
<!-- Generated by org.testng.reporters.JUnitReportReporter -->
<testsuite skipped="0" hostname="DESKTOP-VTBT3RG" name="SeleniumBasics.Screenshot" tests="1" failures="0" timestamp="2023-09-17T11:18:48 IST" time="4.013" errors="0">
  <testcase name="frameconcpet" time="4.013" classname="SeleniumBasics.Screenshot"/>
  <system-out/>
</testsuite> <!-- SeleniumBasics.Screenshot -->
