<?xml version="1.0" encoding="UTF-8"?>
<!-- Generated by org.testng.reporters.JUnitReportReporter -->
<testsuite skipped="0" hostname="DESKTOP-VTBT3RG" name="SeleniumBasics.Alerts" tests="1" failures="0" timestamp="2023-09-17T10:45:39 IST" time="18.786" errors="0">
  <testcase name="alertimplementation" time="18.786" classname="SeleniumBasics.Alerts"/>
  <system-out/>
</testsuite> <!-- SeleniumBasics.Alerts -->
