<?xml version="1.0" encoding="UTF-8"?>
<!-- Generated by org.testng.reporters.JUnitReportReporter -->
<testsuite skipped="0" hostname="DESKTOP-VTBT3RG" name="SeleniumBasics.FirstClass" tests="1" failures="0" timestamp="2023-09-02T12:23:26 IST" time="10.961" errors="0">
  <testcase name="Launch" time="10.961" classname="SeleniumBasics.FirstClass"/>
  <system-out/>
</testsuite> <!-- SeleniumBasics.FirstClass -->
