<?xml version="1.0" encoding="UTF-8"?>
<!-- Generated by org.testng.reporters.JUnitReportReporter -->
<testsuite skipped="0" hostname="DESKTOP-VTBT3RG" name="SeleniumBasics.Upload" tests="1" failures="0" timestamp="2023-09-24T11:19:16 IST" time="10.130" errors="0">
  <testcase name="innerframeconcpet" time="10.130" classname="SeleniumBasics.Upload"/>
  <system-out/>
</testsuite> <!-- SeleniumBasics.Upload -->
