<?xml version="1.0" encoding="UTF-8"?>
<!-- Generated by org.testng.reporters.JUnitReportReporter -->
<testsuite skipped="0" hostname="DESKTOP-VTBT3RG" name="SeleniumBasics.Frames" tests="1" failures="0" timestamp="2023-09-17T11:06:25 IST" time="3.564" errors="0">
  <testcase name="innerframeconcpet" time="3.564" classname="SeleniumBasics.Frames"/>
  <system-out/>
</testsuite> <!-- SeleniumBasics.Frames -->
